{"/Users/chris/dev/use-local-storage_/src/emitStorageEvent.ts": {"path":"/Users/chris/dev/use-local-storage_/src/emitStorageEvent.ts","statementMap":{"0":{"start":{"line":10,"column":25},"end":{"line":20,"column":1}},"1":{"start":{"line":11,"column":17},"end":{"line":16,"column":3}},"2":{"start":{"line":18,"column":23},"end":{"line":18,"column":58}},"3":{"start":{"line":19,"column":2},"end":{"line":19,"column":36}}},"fnMap":{"0":{"name":"(anonymous_0)","decl":{"start":{"line":10,"column":25},"end":{"line":10,"column":26}},"loc":{"start":{"line":10,"column":52},"end":{"line":20,"column":1}},"line":10}},"branchMap":{},"s":{"0":0,"1":0,"2":0,"3":0},"f":{"0":0},"b":{}}
,"/Users/chris/dev/use-local-storage_/src/index.js": {"path":"/Users/chris/dev/use-local-storage_/src/index.js","statementMap":{"0":{"start":{"line":14,"column":24},"end":{"line":47,"column":1}},"1":{"start":{"line":16,"column":2},"end":{"line":21,"column":8}},"2":{"start":{"line":17,"column":20},"end":{"line":17,"column":48}},"3":{"start":{"line":18,"column":4},"end":{"line":18,"column":47}},"4":{"start":{"line":20,"column":4},"end":{"line":20,"column":63}},"5":{"start":{"line":20,"column":17},"end":{"line":20,"column":63}},"6":{"start":{"line":23,"column":2},"end":{"line":46,"column":3}},"7":{"start":{"line":49,"column":0},"end":{"line":49,"column":32}}},"fnMap":{"0":{"name":"(anonymous_0)","decl":{"start":{"line":14,"column":24},"end":{"line":14,"column":25}},"loc":{"start":{"line":14,"column":48},"end":{"line":47,"column":1}},"line":14},"1":{"name":"(anonymous_1)","decl":{"start":{"line":16,"column":12},"end":{"line":16,"column":13}},"loc":{"start":{"line":16,"column":18},"end":{"line":21,"column":3}},"line":16},"2":{"name":"(anonymous_2)","decl":{"start":{"line":20,"column":11},"end":{"line":20,"column":12}},"loc":{"start":{"line":20,"column":17},"end":{"line":20,"column":63}},"line":20}},"branchMap":{},"s":{"0":0,"1":0,"2":0,"3":0,"4":0,"5":0,"6":0,"7":0},"f":{"0":0,"1":0,"2":0},"b":{}}
,"/Users/chris/dev/use-local-storage_/src/receiveStorageEvent.ts": {"path":"/Users/chris/dev/use-local-storage_/src/receiveStorageEvent.ts","statementMap":{"0":{"start":{"line":10,"column":28},"end":{"line":19,"column":1}},"1":{"start":{"line":10,"column":34},"end":{"line":19,"column":1}},"2":{"start":{"line":11,"column":2},"end":{"line":11,"column":37}},"3":{"start":{"line":11,"column":31},"end":{"line":11,"column":37}},"4":{"start":{"line":13,"column":2},"end":{"line":15,"column":3}},"5":{"start":{"line":14,"column":4},"end":{"line":14,"column":10}},"6":{"start":{"line":17,"column":19},"end":{"line":17,"column":36}},"7":{"start":{"line":18,"column":2},"end":{"line":18,"column":14}}},"fnMap":{"0":{"name":"(anonymous_0)","decl":{"start":{"line":10,"column":28},"end":{"line":10,"column":29}},"loc":{"start":{"line":10,"column":34},"end":{"line":19,"column":1}},"line":10},"1":{"name":"(anonymous_1)","decl":{"start":{"line":10,"column":34},"end":{"line":10,"column":35}},"loc":{"start":{"line":10,"column":39},"end":{"line":19,"column":1}},"line":10}},"branchMap":{"0":{"loc":{"start":{"line":11,"column":2},"end":{"line":11,"column":37}},"type":"if","locations":[{"start":{"line":11,"column":2},"end":{"line":11,"column":37}},{"start":{},"end":{}}],"line":11},"1":{"loc":{"start":{"line":13,"column":2},"end":{"line":15,"column":3}},"type":"if","locations":[{"start":{"line":13,"column":2},"end":{"line":15,"column":3}},{"start":{},"end":{}}],"line":13}},"s":{"0":0,"1":0,"2":0,"3":0,"4":0,"5":0,"6":0,"7":0},"f":{"0":0,"1":0},"b":{"0":[0,0],"1":[0,0]}}
,"/Users/chris/dev/use-local-storage_/src/crud/isAbsent.js": {"path":"/Users/chris/dev/use-local-storage_/src/crud/isAbsent.js","statementMap":{},"fnMap":{},"branchMap":{},"s":{},"f":{},"b":{}}
,"/Users/chris/dev/use-local-storage_/src/crud/read.js": {"path":"/Users/chris/dev/use-local-storage_/src/crud/read.js","statementMap":{"0":{"start":{"line":11,"column":13},"end":{"line":16,"column":1}},"1":{"start":{"line":11,"column":26},"end":{"line":16,"column":1}},"2":{"start":{"line":12,"column":31},"end":{"line":12,"column":68}},"3":{"start":{"line":13,"column":2},"end":{"line":13,"column":53}},"4":{"start":{"line":13,"column":37},"end":{"line":13,"column":53}},"5":{"start":{"line":14,"column":26},"end":{"line":14,"column":53}},"6":{"start":{"line":15,"column":2},"end":{"line":15,"column":83}}},"fnMap":{"0":{"name":"(anonymous_0)","decl":{"start":{"line":11,"column":13},"end":{"line":11,"column":14}},"loc":{"start":{"line":11,"column":26},"end":{"line":16,"column":1}},"line":11},"1":{"name":"(anonymous_1)","decl":{"start":{"line":11,"column":26},"end":{"line":11,"column":27}},"loc":{"start":{"line":11,"column":40},"end":{"line":16,"column":1}},"line":11}},"branchMap":{"0":{"loc":{"start":{"line":12,"column":31},"end":{"line":12,"column":68}},"type":"binary-expr","locations":[{"start":{"line":12,"column":31},"end":{"line":12,"column":62}},{"start":{"line":12,"column":66},"end":{"line":12,"column":68}}],"line":12},"1":{"loc":{"start":{"line":13,"column":2},"end":{"line":13,"column":53}},"type":"if","locations":[{"start":{"line":13,"column":2},"end":{"line":13,"column":53}},{"start":{},"end":{}}],"line":13},"2":{"loc":{"start":{"line":15,"column":9},"end":{"line":15,"column":83}},"type":"cond-expr","locations":[{"start":{"line":15,"column":32},"end":{"line":15,"column":47}},{"start":{"line":15,"column":50},"end":{"line":15,"column":83}}],"line":15}},"s":{"0":0,"1":0,"2":0,"3":0,"4":0,"5":0,"6":0},"f":{"0":0,"1":0},"b":{"0":[0,0],"1":[0,0],"2":[0,0]}}
,"/Users/chris/dev/use-local-storage_/src/crud/unset.js": {"path":"/Users/chris/dev/use-local-storage_/src/crud/unset.js","statementMap":{"0":{"start":{"line":14,"column":14},"end":{"line":23,"column":1}},"1":{"start":{"line":14,"column":27},"end":{"line":23,"column":1}},"2":{"start":{"line":15,"column":2},"end":{"line":19,"column":3}},"3":{"start":{"line":16,"column":4},"end":{"line":16,"column":38}},"4":{"start":{"line":17,"column":4},"end":{"line":17,"column":37}},"5":{"start":{"line":18,"column":4},"end":{"line":18,"column":10}},"6":{"start":{"line":20,"column":25},"end":{"line":20,"column":42}},"7":{"start":{"line":21,"column":28},"end":{"line":21,"column":66}},"8":{"start":{"line":22,"column":2},"end":{"line":22,"column":38}}},"fnMap":{"0":{"name":"(anonymous_0)","decl":{"start":{"line":14,"column":14},"end":{"line":14,"column":15}},"loc":{"start":{"line":14,"column":27},"end":{"line":23,"column":1}},"line":14},"1":{"name":"(anonymous_1)","decl":{"start":{"line":14,"column":27},"end":{"line":14,"column":28}},"loc":{"start":{"line":14,"column":41},"end":{"line":23,"column":1}},"line":14}},"branchMap":{"0":{"loc":{"start":{"line":15,"column":2},"end":{"line":19,"column":3}},"type":"if","locations":[{"start":{"line":15,"column":2},"end":{"line":19,"column":3}},{"start":{},"end":{}}],"line":15}},"s":{"0":0,"1":0,"2":0,"3":0,"4":0,"5":0,"6":0,"7":0,"8":0},"f":{"0":0,"1":0},"b":{"0":[0,0]}}
,"/Users/chris/dev/use-local-storage_/src/crud/update.js": {"path":"/Users/chris/dev/use-local-storage_/src/crud/update.js","statementMap":{"0":{"start":{"line":6,"column":18},"end":{"line":13,"column":1}},"1":{"start":{"line":7,"column":2},"end":{"line":12,"column":3}},"2":{"start":{"line":8,"column":29},"end":{"line":8,"column":50}},"3":{"start":{"line":9,"column":4},"end":{"line":9,"column":27}},"4":{"start":{"line":11,"column":4},"end":{"line":11,"column":20}},"5":{"start":{"line":24,"column":15},"end":{"line":30,"column":1}},"6":{"start":{"line":24,"column":28},"end":{"line":30,"column":1}},"7":{"start":{"line":25,"column":27},"end":{"line":25,"column":44}},"8":{"start":{"line":26,"column":32},"end":{"line":26,"column":98}},"9":{"start":{"line":27,"column":31},"end":{"line":27,"column":63}},"10":{"start":{"line":28,"column":2},"end":{"line":28,"column":55}},"11":{"start":{"line":29,"column":2},"end":{"line":29,"column":51}}},"fnMap":{"0":{"name":"(anonymous_0)","decl":{"start":{"line":6,"column":18},"end":{"line":6,"column":19}},"loc":{"start":{"line":6,"column":27},"end":{"line":13,"column":1}},"line":6},"1":{"name":"(anonymous_1)","decl":{"start":{"line":24,"column":15},"end":{"line":24,"column":16}},"loc":{"start":{"line":24,"column":28},"end":{"line":30,"column":1}},"line":24},"2":{"name":"(anonymous_2)","decl":{"start":{"line":24,"column":28},"end":{"line":24,"column":29}},"loc":{"start":{"line":24,"column":45},"end":{"line":30,"column":1}},"line":24}},"branchMap":{"0":{"loc":{"start":{"line":26,"column":32},"end":{"line":26,"column":98}},"type":"cond-expr","locations":[{"start":{"line":26,"column":46},"end":{"line":26,"column":51}},{"start":{"line":26,"column":54},"end":{"line":26,"column":98}}],"line":26}},"s":{"0":0,"1":0,"2":0,"3":0,"4":0,"5":0,"6":0,"7":0,"8":0,"9":0,"10":0,"11":0},"f":{"0":0,"1":0,"2":0},"b":{"0":[0,0]}}
}
